When/U such/J claims/W and/, litigation/J extend/$ beyond/, the/N period/. ,/E the/N syndicates/T can/J extend/W their/W accounting/W deadlines/W ./W
Lloyd/R 's/W said/C there/' are/J currently/L 115/R open/T account/W years/. involving/L 68/R of/N the/W market/W 's/W roughly/W 360/W syndicates/W ./W
The/U open-year/R accounting/T practice/' ``/R is/- widely/L recognized/C within/` Lloyd/R 's/W as/L of/N serious/W concern/W ''/W to/W the/W 31,329/W member/W investors/W ,/W who/W underwrite/W insurance/W at/W Lloyd/W 's/W in/W return/W for/W premium/W and/W investment/W income/W ,/W Lloyd/W 's/W said/W ./W
The/U procedure/S causes/J ``/R great/P uncertainty/S ''/W because/' an/- investor/W ca/C n't/U be/' sure/W of/W his/W or/W her/W individual/W liability/W ,/W Lloyd/W 's/W said/W ./W
As/V a/- result/J ,/E the/N insurance/# market/# plans/$ new/` measures/S to/D restrict/J the/N ability/# of/N syndicate/W officials/W to/W leave/W years/W open/W ./W
Lloyd/R 's/W said/C it/' expects/S to/D enact/# new/` rules/M mandating/T the/N changes/$ by/N year/W end/W ./W
Under/V the/N new/` rules/M ,/E the/N officials/V will/$ have/' to/D secure/F additional/L information/T and/, reports/W from/W actuaries/W ,/W including/W an/W assessment/W of/W whether/W officials/W have/W acted/W reasonably/W ./W
In/U addition/L ,/E officials/V will/$ have/' to/D get/U quotes/T for/L certain/J reinsurance/F contracts/L and/, obtain/W approvals/W from/W other/W syndicate/W directors/W ./W
Computer/V Associates/R International/V Inc./W reported/S earnings/. for/L the/N second/N quarter/. ,/E ended/. Sept./R 30/W ,/W plummeted/W 66/W %/W ,/W primarily/W because/W of/W the/W acquisition/W of/W Cullinet/W Software/W Inc/W ./W
The/U nation/V 's/W largest/. software/# company/# earned/L $/. 9.6/R million/. ,/E or/J five/M cents/. a/- share/W ,/W compared/W with/W $/W 28/W million/W ,/W or/W 16/W cents/W a/W share/W ,/W a/W year/W earlier/W ./W
Revenue/R rose/C 5/R %/V to/D $/. 282/R million/. from/` $/. 268.3/R million/. ./U
The/U drop/$ in/` earnings/. had/P been/' anticipated/S by/N most/L Wall/R Street/V analysts/T ,/E but/W the/W results/W were/W reported/W after/W the/W market/W closed/W ./W
Computer/V Associates/R closed/` at/P $/. 13.625/R ,/E down/$ 25/R cents/. ,/E in/` composite/M trading/W on/W the/W New/W York/W Stock/W Exchange/W ./W
Anthony/R Wang/R ,/E president/M ,/E attributed/C the/N drop/$ to/D the/N disruption/# of/N the/N company/# 's/W business/# resulting/W from/W the/W prolonged/W process/W of/W acquiring/W Cullinet/W ./W
The/U acquisition/S was/- completed/. in/` September/S ./U
In/U August/S ,/E the/N company/# warned/C investors/F that/D the/N acquisition/S was/- being/' delayed/S ,/E and/, many/W customers/W were/W holding/W off/W on/W purchase/W decisions/W until/W the/W takeover/W was/W completed/W ./W
The/U delays/$ mainly/, affected/J sales/# of/N data/# base/` management/# products/J ,/E a/- core/, area/W for/W both/W Computer/W Associates/W and/W Cullinet/W ,/W as/W well/W as/W sales/W of/W other/W products/W as/W part/W of/W package/W sales/W ./W
Residents/R of/N this/D city/M soon/P will/$ be/' seeing/S ads/S urging/, them/$ to/D visit/P ``/W Cleveland/W 's/W outdoor/W museum/W ''/W --/W Lake/W View/W Cemetery/W ./W
Despite/V such/J famous/L tenants/F as/L oil/# magnate/# John/R D./V Rockefeller/R ,/E Lake/W View/W Cemetery/W has/W fallen/W on/W hard/W times/W ./W
So/U the/N inner-city/R burial/` ground/$ is/- trying/$ to/D resurrect/F itself/' with/, a/- television/# advertising/W campaign/W ./W
The/U ads/S celebrate/. the/N achievements/L of/N some/J of/N Lake/V View/R 's/W residents/V ./U
A/V spot/P honoring/T Bill/R White/V ,/E the/N inventor/# of/N chewing/F gum/F ,/E shows/` a/W woman/W trying/W to/W extricate/W her/W high-heeled/W shoe/W from/W a/W wad/W of/W gum/W ./W
Another/V focuses/S on/` Charles/R Brush/R ,/E the/N first/` person/V to/D light/S a/- city/M electrically/W ./W
It/U shows/` a/- boy/- hurling/V rocks/V at/P a/- street/` lamp/C ./U
Street/V lights/$ ,/E the/N ad/C points/$ out/$ ,/E ``/R helped/, sharpen/S the/N arm/W of/W many/W a/W budding/W baseball/W player/W ./W ''/W
Cemetery/R officials/V hope/. the/N ads/S ,/E which/' will/$ begin/$ airing/S next/P month/. ,/E will/$ not/W only/W draw/W visitors/W but/W bolster/W burials/W and/W endowment/W fund/W contributions/W ./W
Lake/V View/R had/P an/- operating/# deficit/S last/P year/. and/, has/- a/- poor/, reputation/W as/W an/W out-of-repair/W and/W crime-infested/W cemetery/W ./W
The/U private/, ,/E non-profit/R cemetery/` has/- had/P trouble/S competing/F against/` its/- for-profit/R counterparts/F ,/W which/W use/W direct/W mail/W and/W other/W advertising/W to/W sell/W lots/W ./W
``/R We/U do/U n't/U want/U to/D be/' known/C as/L ambulance/V chasers/S ,/E ''/W says/C William/W Garrison/W ,/W Lake/W View/W 's/W president/W ./W
``/R We/U want/U people/$ to/D think/C of/N Lake/V View/R as/L an/- historical/N park/- and/W educational/W experience/W ./W
A/V pleasant/P place/$ to/D come/$ and/, spend/F a/- few/' hours/. ./U ''/W
Not/U all/L of/N the/N cemetery/` 's/W better-known/R tenants/F lend/F themselves/D to/D the/N promotional/# job/W at/W hand/W ,/W however/W ./W
For/U example/J ,/E President/W James/R A./R Garfield/R is/- entombed/V here/L ,/E the/N victim/W of/W an/W assassination/W in/W 1881/W ./W
-LRB-/R Mr./W Garrison/R notes/T ,/E however/' ,/E that/D the/N Garfield/R tomb/C is/- one/M of/N the/N nation/W 's/W premier/W examples/W of/W Romanesque/W architecture/W ./W -RRB-/W
Mr./W Rockefeller/R ,/E buried/C beneath/W a/- 180-foot-tall/R granite/V obelisk/V ,/E did/$ n't/U seem/J right/W for/W an/W ad/W either/W ./W
The/U oil/# magnate/# ,/E who/, spent/P his/P later/P years/. passing/$ out/$ dimes/R to/D counter/W his/W penny-pinching/W image/W ,/W ``/W is/W n't/W terribly/W amusing/W ,/W ''/W says/W Barry/W Olson/W ,/W creative/W director/W at/W Innis-Maggiore-Olson/W ,/W Canton/W ,/W Ohio/W ,/W which/W is/W producing/W the/W ads/W ./W
But/U there/' are/J plenty/$ of/N other/J promising/L prospects/S at/P Lake/V View/R ,/E promoters/W believe/W :/W Ernest/W Ball/W ,/W for/W instance/W ,/W who/W wrote/W ``/W When/W Irish/W Eyes/W are/W Smiling/W ,/W ''/W and/W Garrett/W Morgan/W ,/W the/W inventor/W of/W the/W gas/W mask/W and/W the/W tri-colored/W traffic/W light/W ./W
Euro/R Disneyland/R shares/W made/L a/- debut/M like/L Snow/R White/V yesterday/P while/, most/W of/W the/W London/W stock/W market/W looked/W like/W it/W had/W eaten/W the/W Evil/W Queen/W 's/W poisoned/W apple/W ./W
In/U its/- first/` day/. of/N when-issued/R trading/F here/L ,/E Euro/R Disney/R soared/I like/L Dumbo/W to/W close/W at/W 814/W pence/W -LRB-/W $/W 13.05/W -RRB-/W ,/W up/W 15/W %/W from/W its/W 707-pence/W offering/W price/W ./W
The/U overall/S London/R market/# ,/E following/` Wall/R Street/V 's/W early/` nosedive/R ,/E took/` a/- late/W beating/W ./W
The/U Financial/V Times-Stock/R Exchange/R 100-Share/R Index/R plummeted/I 40.4/R points/$ to/D close/P at/W 2149.3/W ./W
Traders/R credited/C Euro/R Disney/R 's/W share/J performance/# to/D the/N tremendous/S hyping/R of/N the/N project/W that/W the/W shares/W are/W destined/W to/W help/W finance/W :/W Walt/W Disney/W Co./W 's/W 4,800-acre/W theme/W park/W 20/W miles/W east/W of/W Paris/W ./W
The/U park/- is/- slated/M to/D open/T in/` 1992/R ./U
``/R The/U issue/S was/- very/' well-received/R --/U Disney/R is/- such/J a/- well-known/V ,/E you/U can/W say/W world-wide/W ,/W name/W ,/W ''/W said/W Vernon/W Dempsey/W ,/W head/W trader/W of/W European/W equities/W at/W Kleinwort/W Benson/W Ltd./W ,/W which/W is/W making/W a/W market/W in/W the/W issue/W ./W
Mr./W Dempsey/R estimated/. that/D the/N issue/S 's/W London/R debut/M was/- accompanied/I by/N ``/R very/W ,/W very/W heavy/W turnover/W --/W between/W five/W million/W and/W six/W million/W shares/W ./W ''/W
Most/W of/N the/N buying/F was/- institutional/T ,/E he/P added/. ./U
Official/R trading/F in/` the/N shares/W will/$ start/$ in/` London/R ,/E Paris/R and/, Brussels/R on/` Nov./W 6/W ,/W when/W the/W French-franc/W denominated/W offering/W ,/W valued/W at/W the/W equivalent/W of/W nearly/W $/W 1/W billion/W ,/W comes/W to/W market/W in/W the/W European/W Community/W ./W
U.S./R investors/F will/$ be/' permitted/J to/D buy/L the/N shares/W from/` EC/R investors/F 90/R days/W later/W ./W
Because/V of/N the/N interest/T connected/J with/, the/N issue/S ,/E the/N London/R exchange/# took/` the/N unusual/W step/W of/W letting/W traders/W establish/W an/W officially/W sanctioned/W when-issued/W market/W ./W
A/V volatile/# ,/E unofficial/L ``/R gray/M ''/W market/# in/` the/N shares/W has/- been/' operating/W in/W Paris/W for/W about/W two/W weeks/W ./W
In/U contrast/, to/D the/N London/R performance/# ,/E Euro/R Disney/R there/' closed/` down/$ three/M francs/W yesterday/W ,/W at/W 79/W francs/W -LRB-/W $/W 12.66/W -RRB-/W bid/W ,/W but/W still/W about/W 10/W %/W over/W the/W 72-franc/W offering/W price/W ./W
``/R A/V lot/P of/N people/$ are/J getting/$ hurt/C on/` this/D wicked/C whipsawing/R ,/E ''/W cautioned/W Alistair/W Cuddeford/W ,/W a/W London-based/W Salomon/W Brothers/W International/W Ltd./W trader/W who/W makes/W a/W market/W in/W franc-denominated/W Euro/W Disney/W shares/W ./W
``/R There/U should/D be/' no/' great/P rush/# for/L investors/F to/D buy/L this/D ./U
A/V lot/P of/N big/L European/V banks/W ,/E mostly/, French/V ,/E and/, Swiss/T arb/V accounts/W have/W been/W buying/W the/W stock/W just/W to/W flip/W it/W ''/W for/W a/W quick/W profit/W ,/W he/W said/W ./W
Albert/R Fried/R Jr./V ,/E a/- 59-year-old/R director/M and/, holder/M of/N a/- 9.5/R %/W stake/W in/W the/W company/W ,/W was/W named/W chairman/W of/W this/W maker/W of/W products/W for/W the/W construction/W equipment/W ,/W material/W handling/W and/W railroad/W industries/W ./W
He/W succeeds/M L.L./R White/V Jr./V ,/E 62/R ,/E who/, resigned/C but/' continues/$ as/W a/W director/W ./W
Mr./W Fried/R also/L is/- the/N managing/# partner/F of/N Albert/R Fried/R &/W Co/R ./U
Ford/R Motor/R Co./V intensified/S its/- battle/M with/, General/V Motors/R Corp./V over/W Jaguar/W PLC/W by/W saying/W it/W is/W prepared/W to/W make/W a/W bid/W for/W all/W of/W the/W British/W auto/W maker/W when/W restrictions/W on/W its/W shareholding/W are/W lifted/W ./W
The/U statement/S was/- part/' of/N a/- Ford/R filing/# with/, the/N U.S./R Securities/W and/, Exchange/W Commission/W ./W
Ford/R did/$ n't/U say/C how/P much/' it/' might/$ offer/L for/L Jaguar/R ,/E or/J when/P ./W
The/U British/V government/# currently/L forbids/` any/D outside/` investor/W from/` holding/, more/' than/' 15/W %/W of/W the/W company/W 's/W shares/W without/W permission/W until/W Dec./W 31/W ,/W
But/U with/, its/- stake/W in/` Jaguar/R ,/E which/' it/' raised/P yesterday/P to/D 11.95/R %/V ,/W Ford/W could/W convene/W a/W special/W Jaguar/W shareholders/W '/W meeting/W and/W urge/W holders/W to/W vote/W to/W drop/W the/W restriction/W sooner/W ./W
A/V successful/# vote/V would/$ put/C pressure/# on/` the/N British/V government/# to/D lift/$ the/N restriction/W ./W
``/R We/U have/' not/' made/L that/D decision/$ ''/W to/D seek/$ a/- Jaguar/R special/L shareholders/W '/W meeting/W ,/W said/W Martyn/W Watkins/W ,/W a/W Ford/W spokesman/W in/W London/W ./W
He/W emphasized/C that/D the/N car/# maker/, only/' would/$ bid/$ for/L all/L of/N Jaguar/R under/` the/W right/W circumstances/W ,/W and/W said/W ``/W those/W circumstances/W are/W n't/W right/W or/W possible/W at/W the/W moment/W ./W ''/W
Last/V month/. ,/E Ford/R announced/. plans/$ to/D acquire/F as/L much/' as/L 15/R %/V of/W Jaguar/W ./W
Since/P then/$ ,/E Jaguar/R officials/V have/' confirmed/C that/D they/$ are/J discussing/T an/- alliance/# with/W GM/W and/W said/W last/W week/W that/W they/W hoped/W to/W reach/W an/W agreement/W within/W a/W month/W ./W
Analysts/R have/' been/' expecting/J a/- GM-Jaguar/R pact/W that/D would/$ give/L the/N U.S./R car/# maker/W an/W eventual/W 30/W %/W stake/W in/W the/W British/W company/W and/W create/W joint/W ventures/W that/W would/W produce/W an/W executive-model/W range/W of/W cars/W ./W
But/U the/N specter/T of/N Ford/R eventually/, launching/$ a/- full-fledged/R bid/$ could/$ unravel/S the/N GM-Jaguar/W talks/W ./W
Jaguar/R seems/' to/D be/' losing/$ interest/T in/` giving/L GM/R a/- minority/J stake/W ,/E said/C one/W individual/W close/W to/W the/W talks/W ,/W adding/W ,/W ``/W It/W would/W n't/W surprise/W me/W if/W -LCB-/W Jaguar/W executives/W -RCB-/W want/W to/W wait/W and/W see/W what/W the/W color/W of/W that/W -LCB-/W Ford/W bid/W -RCB-/W is/W ''/W first/W ./W
He/W predicted/C Ford/R officials/V will/$ meet/$ with/, Jaguar/R executives/F in/` the/N next/P week/. to/W outline/W their/W proposed/W offer/W ./W
Sir/V John/R Egan/R ,/E Jaguar/R 's/W chairman/M ,/E so/' far/' has/- refused/$ to/D meet/$ with/W Ford/W officials/W ,/W but/W he/W is/W believed/W to/W be/W willing/W to/W consider/W a/W specific/W bid/W proposal/W ./W
As/V for/L GM/R ,/E its/- ``/R fallback/S position/D has/- to/D be/' a/- full/L bid/$ itself/W ,/W ''/W said/W Stephen/W Reitman/W ,/W European/W auto-industry/W analyst/W at/W London/W brokers/W UBS-Phillips/W &/W Drew/W ./W
A/V Ford/R takeover/# of/N Jaguar/R would/$ ``/R have/' such/J implications/S for/L the/N balance/# of/W power/W in/W the/W 1990s/W that/W General/W Motors/W ca/W n't/W afford/W to/W step/W aside/W ./W
They/U will/$ have/' to/D throw/$ their/, hat/C in/` the/N ring/- ./U ''/W
A/V GM/R spokesman/C yesterday/P reiterated/S the/N company/# 's/W interest/T in/` acquiring/F a/- minority/J stake/W to/W help/W Jaguar/W remain/W independent/W ./W
A/V pitched/F battle/M could/$ mean/U Jaguar/R would/$ fetch/$ #/W 10/R -LRB-/R $/W 16.02/W -RRB-/W a/W share/W ,/W or/W about/W #/W 1.8/W billion/W -LRB-/W $/W 2.88/W billion/W -RRB-/W ,/W several/W analysts/W believe/W ./W
The/U prospect/S of/N such/J a/- takeover/# fight/$ has/- sent/C Jaguar/R shares/W soaring/, in/` recent/W weeks/W ./W
U.S./R takeover-stock/R speculators/W now/L own/, an/- estimated/. 25/R %/V of/N Jaguar/R shares/W ./W
In/U a/- declining/F London/R stock/# market/# yesterday/P ,/E Jaguar/R shares/W were/, down/$ four/M pence/W from/W Monday/W in/W late/W trading/W ,/W at/W 694/W pence/W -LRB-/W $/W 11.11/W -RRB-/W a/W share/W ./W
In/U the/N U.S./R ,/E Jaguar/R 's/W American/V depositary/S receipts/T rose/C 12.5/R cents/. in/` over-the-counter/W trading/W ,/W to/W $/W 11.25/W ./W
Both/W Ford/R and/, GM/R badly/P need/$ a/- luxury/L brand/# to/D combat/M new/` competition/W from/W the/W Japanese/W in/W the/W European/W and/W U.S./W markets/W ./W
And/U financially/L strapped/, Jaguar/R has/- spent/P over/P a/- year/. looking/S for/L a/- rich/, uncle/W to/W provide/W cash/W and/W technological/W know-how/W ./W
The/U company/# has/- expressed/C a/- preference/T for/L GM/R over/P Ford/R because/' GM/R has/- promised/W it/W would/W keep/W Jaguar/W independent/W ./W
Ford/R 's/W need/$ to/D acquire/F some/J or/J all/L of/N Jaguar/R became/L more/' acute/J last/W week/W when/W it/W abandoned/W a/W four-year/W effort/W to/W market/W its/W German-built/W Merkur/W Scorpio/W sedan/W as/W a/W European/W luxury/W import/W in/W the/W U.S/W ./W
Then/U ,/E last/P Friday/V ,/E Ford/R 's/W talks/W about/P a/- possible/$ alliance/# with/, Saab-Scania/W AB/W of/W Sweden/W collapsed/W ./W
GM/R 's/W interest/T in/` Jaguar/R reflects/J a/- desire/$ to/D help/$ diversify/# the/N U.S./W company/W 's/W products/W in/W the/W growing/W luxury-car/W segment/W of/W the/W market/W ./W
Its/U Opel/R line/$ has/- a/- solid/M image/S and/, a/- recent/P string/M of/N highly/W successful/W new/W models/W ,/W but/W it/W lacks/W Jaguar/W 's/W cachet/W ./W
GM/R officials/V also/L see/J a/- lot/P of/N potential/J in/` marrying/, Jaguar/R 's/W cars/W to/W the/W technological/W know-how/W of/W Group/W Lotus/W PLC/W ,/W a/W British/W engineering/W and/W specialty/W car/W maker/W GM/W bought/W in/W 1986/W ./W
Texaco/R Inc./W reported/S an/- 11/R %/V increase/. in/` third-quarter/R earnings/. ,/E which/' it/' attributed/W partly/W to/W the/W company/W 's/W massive/W restructuring/W after/W it/W emerged/W from/W bankruptcy-law/W proceedings/W 18/W months/W ago/W ./W
Sun/R Co./V also/L reported/S higher/J earnings/. ./U
Meanwhile/V ,/E like/L many/L other/J oil/# companies/# hurt/C by/N less-profitable/R downstream/S businesses/# ,/E Mobil/W Corp./W ,/W Shell/W Oil/W Co./W and/W Chevron/W Corp./W reported/W lower/W quarterly/W earnings/W ./W
Texaco/R 's/W exploration/T and/, production/# earnings/. improved/S as/L a/- result/J of/N its/- streamlining/I of/W those/W operations/W as/W it/W sold/W many/W of/W its/W marginal/W producing/W properties/W over/W the/W past/W 18/W months/W ./W
An/V increase/. in/` production/# at/P some/J major/L oil/# fields/T in/` the/N North/V Sea/R ,/W which/W had/W been/W knocked/W out/W by/W an/W explosion/W in/W July/W 1988/W ,/W also/W aided/W results/W ./W
The/U sale/# of/N a/- portion/' of/N refining/# and/, marketing/# operations/# to/D Saudi/R Arabia/R helped/W alleviate/W the/W decline/W in/W earnings/W from/W that/W business/W ./W
``/R The/U company/# has/- been/' completely/' revamped/S ,/E ''/W said/C Frank/R Knuettel/R ,/E analyst/W for/W Prudential-Bache/W Securities/W Inc/W ./W
Third-quarter/R net/S income/. at/P Texaco/R rose/C to/D $/. 305/R million/. from/` $/. 274/R million/W last/W year/W ./W
Revenue/R declined/. 3.4/R %/V ,/E to/D $/. 8.4/R billion/. from/` $/. 8.7/R billion/. ./U
Per-share/R earnings/. declined/. to/D $/. 1.10/R a/- share/J from/` $/. 1.12/R a/- share/J ,/E largely/` because/W of/W 21/W million/W additional/W shares/W issued/W to/W retire/W $/W 1/W billion/W of/W debt/W ./W
Per-share/R earnings/. also/L shrank/S because/' of/N dividends/F on/` a/- new/` series/M of/N preferred/J stock/W ./W
Sun/R Sun/R Co./V 's/W net/S income/. climbed/C 18/R %/V to/D $/. 85/W million/W ,/W or/W 80/W cents/W a/W share/W ,/W from/W $/W 72/W million/W ,/W or/W 67/W cents/W a/W share/W ./W
Revenue/R increased/. 11/R %/V ,/E to/D $/. 2.73/R billion/. from/` $/. 2.46/R billion/. ./U
Sun/R said/C some/J of/N the/N growth/. reflects/J higher/J earnings/. in/` the/N oil/# sands/V operation/W of/W Suncor/W ,/W a/W majority-owned/W Canadian/W subsidiary/W ./W
Chairman/V Robert/R McClements/R Jr./V said/C the/N synthetic/W crude/I oil/# production/# from/` the/N facility/W rose/W even/W as/W the/W price/W for/W that/W oil/W increased/W ./W
Overseas/R exploration/T and/, production/# results/S also/L improved/S because/' of/N additional/L output/# from/` the/W North/W Sea/W Magnus/W Field/W ,/W a/W portion/W of/W which/W was/W acquired/W by/W Sun/W earlier/W this/W year/W ./W
Results/S declined/. ,/E however/' ,/E in/` Sun/R 's/W refining/# and/, marketing/# and/, coal/# businesses/W ./W
Profits/R of/N Shell/R ,/E a/- subsidiary/# of/N the/N Royal/R Group/W ,/E tumbled/R $/. 24/R million/. ,/E or/W 6.6/W %/W ,/W to/W $/W 340/W million/W ,/W despite/W a/W gain/W of/W $/W 30/W million/W from/W an/W insurance/W settlement/W ./W
President/W Frank/R Richardson/R attributed/C the/N decline/. to/D lower/J natural/J gas/# prices/# ,/E which/N countered/W higher/W earnings/W from/W the/W crude/W oil/W sector/W of/W Shell/W 's/W exploration/W and/W production/W operation/W ./W
away/$ some/J of/N the/N gain/F in/` that/D unit/M was/- a/- decline/. in/` U.S./R oil/# production/W to/W 502,000/W barrels/W of/W oil/W a/W day/W during/W the/W quarter/W from/W 527,000/W barrels/W a/W day/W last/W year/W ./W
Shell/R 's/W chemical/# earnings/. fell/C by/N $/. 67/R million/. ,/E to/D $/. 137/R million/. ,/E reflecting/W lower/W margins/W and/W less/W demand/W for/W commodity/W chemicals/W ./W
Net/V income/. at/P Mobil/R Corp./V slipped/S 4.5/R %/V to/D $/. 532/R million/. ,/E or/W $/W 1.30/W a/W share/W ,/W from/W $/W 557/W million/W ,/W or/W $/W 1.36/W a/W share/W ./W
Revenue/R declined/. $/. 518/R million/. ,/E to/D $/. 13.63/R billion/. ./U
Earnings/R included/L a/- one-time/R gain/F of/N $/. 192/R million/. on/` a/- property/J transaction/W in/` Hong/W Kong/W ./W
Exploration/R and/, production/# profits/# slumped/S $/. 40/R million/. due/J to/D a/- provision/# for/L restructuring/W costs/W ./W
The/U restructuring/# will/$ take/$ place/$ over/P a/- two-year/R period/. and/, will/$ involve/J the/N transfer/W and/W layoff/W of/W employees/W in/W U.S./W operations/W to/W reduce/W costs/W and/W focus/W efforts/W in/W other/W areas/W ./W
Last/V year/. ,/E third-quarter/R earnings/. included/L a/- $/. 157/R million/. gain/F from/` foreign/, tax/W rate/W changes/W and/W a/W loss/W from/W a/W $/W 65/W million/W write-off/W of/W reserves/W ./W
Chevron/R 's/W net/S income/. fell/C 0.7/R %/V ,/E to/D $/. 417/R million/. ,/E or/J $/W 1.22/W a/W share/W ,/W from/W $/W 420/W million/W ,/W or/W $/W 1.23/W a/W share/W ./W
Results/S included/L a/- $/. 37/R million/. gain/F from/` the/N sale/# of/N rights/T from/` Chevron/W 's/W investment/W in/W Amax/W Inc./W ,/W and/W a/W loss/W of/W $/W 30/W million/W from/W the/W sale/W of/W California/W oil/W and/W gas/W properties/W ./W
Revenue/R rose/C 11/R %/V ,/E to/D $/. 8/R billion/. from/` $/. 7.2/R billion/. ./U
Chevron/R said/C higher/J crude/I oil/# prices/# boosted/S profits/# from/` production/# operations/# ,/E but/W margins/W in/W refining/W and/W marketing/W declined/W ./W
Profits/R from/` U.S./R exploration/T and/, production/# operations/# totaled/. $/. 58/R million/. ,/E after/` the/W property/W sale/W loss/W ,/W compared/W with/W a/W year-earlier/W $/W 44/W million/W loss/W that/W included/W a/W $/W 16/W million/W reorganization/W charge/W ./W
Refining/R and/, marketing/# operations/# earned/L $/. 130/R million/. in/` the/N quarter/. this/D year/. ,/E compared/W with/W earnings/W of/W $/W 186/W million/W a/W year/W earlier/W that/W included/W $/W 18/W million/W in/W charges/W for/W environmental/W programs/W ./W
Foreign/R earnings/. fell/C to/D $/. 180/R million/. from/` $/. 182/R million/. that/D included/L a/- $/. 48/W million/W gain/W from/W lower/W Canadian/W and/W Australian/W taxes/W ./W
Chemical/V profits/# fell/C to/D $/. 78/R million/. from/` $/. 98/R million/. ./U
Jeff/R Rowe/R contributed/I to/D this/D article/T ./U
Asarco/R Inc./W ,/E continuing/T its/- effort/$ to/D refocus/S its/- business/# ,/E ended/. its/- involvement/V in/W asbestos/W mining/W in/W the/W third/W quarter/W and/W said/W it/W would/W stop/W mining/W and/W selling/W coal/W by/W year/W end/W ./W
The/U mining/# ,/E metal/F and/, specialty-chemical/R concern/T said/C combined/F revenue/# for/L asbestos/J and/, coal/W was/W about/W $/W 40/W million/W of/W the/W company/W 's/W total/W revenue/W in/W 1988/W of/W $/W 1.98/W billion/W ./W
Richard/R de/M J./R Osborne/R ,/E chairman/M ,/E president/M and/, chief/M executive/M officer/M ,/E said/C the/N company/W 's/W ``/W decisions/W to/W get/W out/W of/W asbestos/W and/W high-sulfur/W coal/W continue/W the/W process/W of/W simplifying/W and/W focusing/W the/W company/W in/W areas/W with/W a/W better/W future/W ./W ''/W
Asarco/R also/L reported/S third-quarter/R net/S income/. rose/C 14/R %/V ,/E to/D $/. 52.7/W million/W ,/W or/W $/W 1.25/W a/W share/W ,/W from/W a/W restated/W $/W 46.2/W million/W ,/W or/W $/W 1.10/W a/W share/W ,/W a/W year/W earlier/W ./W
Asarco/R said/C the/N gain/F reflected/I continued/, strength/S in/` prices/# for/L refined/I copper/F ,/E lead/W and/W zinc/W ,/W and/W higher/W equity/W earnings/W in/W Mexico/W Desarrollo/W Industrial/W Minero/W S.A./W ,/W a/W Mexican/W mining/W company/W in/W which/W Asarco/W has/W a/W 34/W %/W stake/W ./W
The/U 1988/R results/S were/, restated/S for/L accounting-rules/R changes/$ ./U
Sales/R rose/C 4.5/R %/V to/D $/. 522.3/R million/. from/` $/. 499.4/R million/. ./U
In/U August/S ,/E Asarco/R ,/E through/, its/- Lac/R d'Amiante/R du/: Quebec/R subsidiary/# ,/E sold/W its/W remaining/W one-third/W interest/W in/W an/W asbestos/W mining/W limited/W partnership/W in/W Canada/W for/W $/W 11.7/W million/W ./W
Asarco/R said/C it/' plans/$ to/D shut/$ down/$ or/J sell/F its/- Rapatee/R coal/# mine/W and/W will/W end/W its/W involvement/W in/W southern/W Illinois/W strip/W mining/W ./W
The/U company/# said/C that/D it/' is/- discussing/T a/- management-employee/R buy-out/R of/N the/N facility/# ,/E but/' that/D it/W would/W stop/W mining/W and/W selling/W coal/W at/W year/W end/W when/W existing/W sales/W contracts/W expire/W ,/W regardless/W of/W the/W outcome/W of/W those/W talks/W ./W
In/U New/. York/R Stock/S Exchange/R composite/M trading/F ,/E Asarco/R fell/C $/. 1.375/R to/W close/W at/W $/W 31.75/W ./W
Companies/V listed/J below/J reported/S quarterly/S profit/# substantially/F different/J from/` the/N average/. of/N analysts/W '/W estimates/W ./W
The/U companies/# are/J followed/. by/N at/P least/' three/M analysts/T ,/E and/, had/P a/- minimum/M five-cent/W change/W in/W actual/W earnings/W per/W share/W ./W
Estimated/R and/, actual/P results/S involving/L losses/# are/J omitted/J ./U
The/U percent/. difference/S compares/S actual/P profit/# with/, the/N 30-day/S estimate/S where/` at/P least/' three/W analysts/W have/W issues/W forecasts/W in/W the/W past/W 30/W days/W ./W
Otherwise/U ,/E actual/P profit/# is/- compared/J with/, the/N 300-day/R estimate/S ./U
David/R W./R Lodge/V was/- elected/M vice/M president/M and/, chief/M financial/# officer/M ,/E effective/W Nov./W 1/W ./W
Mr./W Lodge/V ,/E 48/R years/. old/P ,/E a/- former/, finance/# executive/M at/P Singer/R Sewing/I Machine/W Co./W and/W Celanese/W Corp./W ,/W succeeds/W Francis/W L./W Brophy/W ,/W 64/W ,/W who/W plans/W to/W retire/W from/W the/W company/W next/W year/W ./W
Carlos/R A./R Salvagni/R ,/E vice/M president/M ,/E pharmaceutical/# manufacturing/# ,/E will/$ assume/J responsibility/V for/L manufacturing/W in/W Kalamazoo/W ,/W Mich./W ,/W effective/W Nov./W 1/W ./W
Mr./W Salvagni/R ,/E 53/R years/. old/P ,/E succeeds/M John/R C./R Griffin/R ,/E 57/W ,/W who/W is/W retiring/W as/W corporate/W vice/W president/W of/W pharmaceutical/W manufacturing/W ./W
Upjohn/R is/- a/- world-wide/R provider/J of/N health-care/R products/J and/, services/# ,/E seeds/# and/, speciality/W chemicals/W ./W
This/U Brooklyn/R ,/E N.Y./R ,/E generic-drug/R maker/, announced/C a/- 5/R %/V stock/# dividend/W payable/W Dec./W 15/W ,/W to/W holders/W of/W record/W Nov./W 15/W ./W
As/V of/N Sept./R 30/R ,/E Halsey/R had/P 5.3/R million/. common/J shares/W outstanding/P ./U
Jay/R Marcus/R ,/E president/M ,/E said/C the/N move/$ ``/R reflects/J the/N confidence/S of/N our/$ board/W and/W management/W in/W Halsey/W 's/W long-term/W prospects/W and/W our/W desire/W to/W provide/W our/W shareholders/W with/W an/W attractive/W return/W on/W their/W investment/W ./W ''/W
In/U American/V Stock/S Exchange/R composite/M trading/F ,/E Halsey/R closed/` at/P $/. 5.8125/R a/- share/W ,/W up/W 6.25/W cents/W ./W
Walter/R M./R Brady/R was/- named/- a/- senior/V vice/M president/M of/N this/D insurer/M in/` the/N Canadian/W head/W office/W ./W
He/W had/P been/' vice/M president/M in/` that/D office/M ./U
John/R B./R Foy/R was/- named/- senior/V vice/M president/M and/, remains/' responsible/J for/L the/N individual/W policy/W services/W department/W ./W
Frank/R J./R Ollari/R was/- named/- senior/V vice/M president/M in/` charge/# of/N the/N mortgage/. finance/W department/W ./W
He/W had/P been/' vice/M president/M of/N the/N department/# ,/E which/' was/- formerly/L called/- the/N real/M estate/W department/W ./W
Timothy/R C./R Brown/R ,/E a/- vice/M president/M ,/E was/- named/- executive/M vice/M president/M and/, a/W director/W of/W this/W lighting/W and/W specialty/W products/W concern/W ./W
In/U the/N director/M post/L ,/E Mr./W Brown/R ,/E 38/R years/. old/P ,/E succeeds/M Joseph/R W./W Hibben/W ,/W who/W retired/W from/W the/W board/W in/W August/W ./W
C./R Barr/R Schuler/R ,/E 49/R ,/E vice/M president/M and/, chief/M financial/# officer/M ,/E was/- named/W senior/W vice/W president/W of/W corporate/W development/W and/W acquisitions/W ,/W a/W new/W post/W ./W
Phillip/R J./R Stuecker/R ,/E 37/R ,/E vice/M president/M ,/E secretary/M and/, treasurer/V ,/E was/- named/W vice/W president/W of/W finance/W and/W chief/W financial/W officer/W ./W
He/W remains/' secretary/M ./U
Ronald/R B./R Koenig/R ,/E 55/R years/. old/P ,/E was/- named/- a/- senior/V managing/# director/W of/W the/W Gruntal/W &/W Co./W brokerage/W subsidiary/W of/W this/W insurance/W and/W financial-services/W firm/W ./W
Mr./W Koenig/R will/$ build/L the/N corporate-finance/R and/, investment-banking/R business/# of/N Gruntal/R ,/E which/' has/- primarily/W been/W a/W retail-based/W firm/W ./W
He/W was/- chairman/M and/, co-chief/R executive/M officer/M of/N Ladenburg/R ,/E Thalmann/R &/W Co./V until/W July/W ,/W when/W he/W was/W named/W co-chairman/W of/W the/W investment-banking/W firm/W along/W with/W Howard/W L./W Blum/W Jr./W ,/W who/W then/W became/W the/W sole/W chief/W executive/W ./W
Yesterday/P ,/E Mr./W Blum/R ,/E 41/R ,/E said/C he/P was/- n't/U aware/S of/N plans/$ at/P Ladenburg/W to/W name/W a/W co-chairman/W to/W succeed/W Mr./W Koenig/W and/W said/W the/W board/W would/W need/W to/W approve/W any/W appointments/W or/W title/W changes/W ./W
Mr./W Blum/R added/. he/P was/- n't/U surprised/P Mr./W Koenig/R resigned/C ,/E but/' his/P departure/W was/W ``/W nothing/W that/W we/W desired/W or/W worked/W for/W ./W ''/W
Mr./W Koenig/R said/C :/U ``/R I/U just/$ got/C a/- tremendous/T offer/L from/` Gruntal/I ./W
MCI/R Communications/R Corp./V said/C it/' received/. a/- $/. 12/R million/. contract/# to/D provide/L virtual/W network/W services/W to/W Woolworth/W Corp./W 's/W 5,600/W corporate/W and/W retail/W sites/W in/W the/W
The/U contract/# also/L provides/L for/L advanced/S billing/# and/, network/# management/# services/# ./U
Woolworth/R said/C it/' expects/S to/D expand/$ usage/J of/N the/N MCI/R services/# as/L it/' adds/W about/W 6,000/W business/W locations/W over/W the/W next/W few/W years/W ./W
The/U Philippine/R merchandise/F trade/F deficit/S widened/I to/D $/. 1.71/R billion/. during/` the/N first/` eight/M months/W of/W 1989/W from/W $/W 807/W million/W a/W year/W earlier/W ./W
Imports/R continued/, to/D outpace/R Philippine/R exports/. ,/E despite/` gains/. in/` shipments/# abroad/T ,/E the/W government/W National/W Statistics/W Office/W said/W ./W
Exports/R reached/. $/. 5.12/R billion/. ,/E up/$ from/` $/. 4.52/R billion/. a/- year/. earlier/P ,/E while/W imports/W rose/W to/W $/W 6.81/W billion/W from/W $/W 5.33/W billion/W ./W
The/U trade/F deficit/S in/` the/N first/` eight/M months/. is/- already/' wider/- than/' the/N trade/F gap/W of/W $/W 1.09/W billion/W for/W all/W of/W 1988/W ./W
Analysts/R expect/$ the/N trade/F gap/$ for/L the/N year/. to/D surpass/F $/. 2/R billion/. as/L demand/W for/W capital/W equipment/W and/W raw/W materials/W continues/W to/W push/W imports/W higher/W ./W
Birtcher/R Corp./V said/C it/' signed/. a/- definitive/M agreement/$ with/, C.R./R Bard/R Inc./W ,/E a/W Murray/W Hill/W ,/W N.J./W ,/W maker/W of/W health-care/W products/W ,/W for/W the/W purchase/W of/W the/W company/W 's/W Electrosurgery/W division/W for/W about/W $/W 11/W million/W ./W
Birtcher/R ,/E a/- maker/, of/N electronic/# medical/T equipment/# ,/E said/C the/N transaction/# is/- expected/. to/D close/W on/W or/W before/W Nov./W 30/W ./W
Bard/R EMS/R had/P 1988/R sales/# of/N about/P $/. 14/R million/. ,/E Birtcher/R said/C ./E
WINSTON-SALEM/R ,/E N.C./R --/U First/S Wachovia/R Corp./V said/C John/R F./R McNair/R III/W will/W retire/W as/W president/W and/W chief/W executive/W officer/W of/W this/W regional/W banking/W company/W 's/W Wachovia/W Corp./W and/W Wachovia/W Bank/W &/W Trust/W Co./W subsidiaries/W on/W Dec./W 31/W ./W
Mr./W McNair/R ,/E 62/R years/. old/P ,/E will/$ be/' succeeded/C by/N L.M./R ``/R Bud/W ''/W Baker/W Jr./W ,/W 47/W ,/W the/W parent/W 's/W chief/W credit/W officer/W and/W head/W of/W its/W administration/W division/W ./W
Mr./W Baker/R will/$ relinquish/S his/P previous/$ positions/V ,/E but/' a/- successor/M for/L him/P has/- n't/W been/W named/W yet/W ./W
In/U addition/L ,/E on/` Jan./R 1/R ,/E Thomas/R A./R Bennett/R ,/E 52/R ,/E will/$ become/W vice/W chairman/W and/W chief/W operating/W officer/W of/W Wachovia/W and/W Wachovia/W Bank/W &/W Trust/W ,/W filling/W a/W vacancy/W left/W by/W the/W retired/W Hans/W W./W Wanders/W in/W April/W ./W
Mr./W Bennett/R will/$ continue/$ as/L executive/M in/` charge/# of/N the/N North/V Carolina/R banking/# operation/W ./W
Messrs./R Baker/R and/, Bennett/R have/' been/' elected/M directors/# of/N Wachovia/R and/, Wachovia/W Bank/W &/W Trust/W filling/W vacant/W seats/W on/W both/W boards/W ./W
Canadian/V retail/# sales/# rose/C 0.2/R %/V in/` August/S from/` July/. ,/E Statistics/I Canada/W ,/W a/W federal/W agency/W ,/W said/W ./W
The/U August/S increase/. followed/. a/- 0.3/R %/V decline/. in/` July/. ./U
During/S the/N past/$ four/M months/. ,/E retail/# sales/# have/' remained/` generally/L weak/J ,/E advancing/W an/W average/W 0.2/W %/W a/W month/W ,/W the/W agency/W said/W ./W
Raw-steel/R production/# by/N the/N nation/V 's/W mills/# decreased/S 0.7/R %/V last/P week/. to/D 1,816,000/W tons/W from/W 1,828,000/W tons/W the/W previous/W week/W ,/W the/W American/W Iron/W and/W Steel/W Institute/W said/W ./W
Last/V week/. 's/W output/# fell/C 1.7/R %/V from/` the/N 1,848,000/R tons/. produced/F a/W year/W earlier/W ./W
The/U industry/# used/J 81.6/R %/V of/N its/- capability/S last/P week/. ,/E compared/J with/, 82.2/W %/W the/W previous/W week/W and/W 86.2/W %/W a/W year/W ago/W ./W
The/U American/V Iron/R and/, Steel/R Institute/W reported/S :/U
The/U capability/S utilization/# rate/. is/- a/- calculation/S designed/# to/D indicate/J at/P what/D percent/. of/N its/W production/W capability/W the/W industry/W is/W operating/W in/W a/W given/W week/W ./W
With/U reduced/J exports/. and/, rising/` imports/. ,/E South/V Korea/R 's/W trade/F surpluses/T with/W the/W U.S./W and/W Europe/W between/W January/W and/W September/W fell/W sharply/W from/W a/W year/W ago/W ,/W the/W Customs/W Administration/W said/W ./W
Officials/R said/C South/V Korea/R 's/W trade/F surplus/# with/, the/N U.S./R for/L the/N first/` nine/M months/W of/W the/W year/W totaled/W $/W 3.49/W billion/W ,/W down/W 43/W %/W from/W the/W same/W period/W last/W year/W on/W a/W customs-clearance/W basis/W ./W
South/V Korean/R exports/. to/D the/N U.S./R during/` the/N period/. fell/C 1.6/R %/V from/` a/W year/W ago/W to/W $/W 15.06/W billion/W ,/W while/W imports/W from/W the/W U.S./W soared/W 26/W %/W to/W $/W 11.56/W billion/W ./W
The/U trade/F surplus/# with/, Europe/R was/- pegged/C at/P $/. 414/R million/. ,/E down/$ 57/R %/W from/W a/W year/W ago/W ./W
Officials/R said/C South/V Korean/R exports/. to/D Europe/R dropped/$ 5.3/R %/V to/D $/. 3.02/W billion/W while/W imports/W from/W there/W went/W up/W 17/W %/W to/W $/W 2.61/W billion/W ./W
Bausch/R &/W Lomb/R Inc./W said/C its/- pharmaceuticals/F subsidiary/# agreed/C to/D supply/# collagen/S corneal/W shields/W for/W animal/W eye/W surgery/W to/W a/W unit/W of/W International/W Minerals/W &/W Chemical/W Corp/W ./W
Terms/V were/, n't/U disclosed/S ./U
The/U agreement/$ marks/` Bausch/R &/W Lomb/R 's/W first/` venture/# selling/F its/- eye/S care/T products/W for/W use/W by/W veterinarians/W ./W
The/U collagen/S corneal/R shield/V helps/$ speed/# healing/S of/N the/N cornea/S after/` eye/W surgery/W ./W
The/U product/L will/$ be/' distributed/J by/N Pitman-Moore/R Inc./W ,/E a/- subsidiary/# of/N International/V Minerals/R ./E
